<?xml version="1.0" encoding="UTF-8"?>
<robot generator="Robot 6.1.1 (Python 3.12.1 on win32)" generated="20240310 16:16:59.655" rpa="false" schemaversion="4">
<suite id="s1" name="RegisterFutureSkill" source="C:\Users\maxth\Documents\RegisterFutureSkill">
<suite id="s1-s1" name="Testcases" source="C:\Users\maxth\Documents\RegisterFutureSkill\testcases">
<suite id="s1-s1-s1" name="RegisterFutureSkill" source="C:\Users\maxth\Documents\RegisterFutureSkill\testcases\RegisterFutureSkill.robot">
<kw name="Open Browser" library="SeleniumLibrary" type="SETUP">
<arg>${baseUrl}</arg>
<arg>chrome</arg>
<doc>Opens a new browser instance to the optional ``url``.</doc>
<msg timestamp="20240310 16:16:59.776" level="INFO">Opening browser 'chrome' to base url 'https://futureskill.co/'.</msg>
<status status="PASS" starttime="20240310 16:16:59.776" endtime="20240310 16:17:01.536"/>
</kw>
<test id="s1-s1-s1-t1" name="As a User , I want to Register success" line="12">
<kw name="when user register to future skill platform with ${email} ${firstName} ${lastName} ${phoneNumber} ${newPassword} ${confirmPassword}" library="RegisterPageKeywords" sourcename="user register to future skill platform with ${email} ${firstName} ${lastName} ${phoneNumber} ${newPassword} ${confirmPassword}">
<kw name="Wait until element is ready then click element" library="CommonKeywords">
<arg>xpath=//button[text()="สมัครสมาชิก"]</arg>
<kw name="Wait Until Keyword Succeeds" library="BuiltIn">
<arg>5x</arg>
<arg>5s</arg>
<arg>Click element</arg>
<arg>${locator}</arg>
<doc>Runs the specified keyword and retries if it fails.</doc>
<kw name="Click Element" library="SeleniumLibrary">
<arg>${locator}</arg>
<doc>Click the element identified by ``locator``.</doc>
<msg timestamp="20240310 16:17:01.536" level="INFO">Clicking element 'xpath=//button[text()="สมัครสมาชิก"]'.</msg>
<msg timestamp="20240310 16:17:01.864" level="INFO" html="true">&lt;/td&gt;&lt;/tr&gt;&lt;tr&gt;&lt;td colspan="3"&gt;&lt;a href="selenium-screenshot-66.png"&gt;&lt;img src="selenium-screenshot-66.png" width="800px"&gt;&lt;/a&gt;</msg>
<msg timestamp="20240310 16:17:01.864" level="FAIL">Element with locator 'xpath=//button[text()="สมัครสมาชิก"]' not found.</msg>
<status status="FAIL" starttime="20240310 16:17:01.536" endtime="20240310 16:17:01.870"/>
</kw>
<kw name="Click Element" library="SeleniumLibrary">
<arg>${locator}</arg>
<doc>Click the element identified by ``locator``.</doc>
<msg timestamp="20240310 16:17:06.871" level="INFO">Clicking element 'xpath=//button[text()="สมัครสมาชิก"]'.</msg>
<status status="PASS" starttime="20240310 16:17:06.871" endtime="20240310 16:17:07.538"/>
</kw>
<status status="PASS" starttime="20240310 16:17:01.536" endtime="20240310 16:17:07.538"/>
</kw>
<status status="PASS" starttime="20240310 16:17:01.536" endtime="20240310 16:17:07.538"/>
</kw>
<kw name="Wait until element is ready then input text" library="CommonKeywords">
<arg>name=email</arg>
<arg>${email}</arg>
<kw name="Wait Until Keyword Succeeds" library="BuiltIn">
<arg>5x</arg>
<arg>5s</arg>
<arg>Input Text</arg>
<arg>${locator}</arg>
<arg>${text}</arg>
<doc>Runs the specified keyword and retries if it fails.</doc>
<kw name="Input Text" library="SeleniumLibrary">
<arg>${locator}</arg>
<arg>${text}</arg>
<doc>Types the given ``text`` into the text field identified by ``locator``.</doc>
<msg timestamp="20240310 16:17:07.538" level="INFO">Typing text 'Ab.stopbus@gmail.com' into text field 'name=email'.</msg>
<status status="PASS" starttime="20240310 16:17:07.538" endtime="20240310 16:17:07.747"/>
</kw>
<status status="PASS" starttime="20240310 16:17:07.538" endtime="20240310 16:17:07.747"/>
</kw>
<status status="PASS" starttime="20240310 16:17:07.538" endtime="20240310 16:17:07.747"/>
</kw>
<kw name="Wait until element is ready then input text" library="CommonKeywords">
<arg>name=firstName</arg>
<arg>${firstName}</arg>
<kw name="Wait Until Keyword Succeeds" library="BuiltIn">
<arg>5x</arg>
<arg>5s</arg>
<arg>Input Text</arg>
<arg>${locator}</arg>
<arg>${text}</arg>
<doc>Runs the specified keyword and retries if it fails.</doc>
<kw name="Input Text" library="SeleniumLibrary">
<arg>${locator}</arg>
<arg>${text}</arg>
<doc>Types the given ``text`` into the text field identified by ``locator``.</doc>
<msg timestamp="20240310 16:17:07.747" level="INFO">Typing text 'firstName' into text field 'name=firstName'.</msg>
<status status="PASS" starttime="20240310 16:17:07.747" endtime="20240310 16:17:07.794"/>
</kw>
<status status="PASS" starttime="20240310 16:17:07.747" endtime="20240310 16:17:07.794"/>
</kw>
<status status="PASS" starttime="20240310 16:17:07.747" endtime="20240310 16:17:07.794"/>
</kw>
<kw name="Wait until element is ready then input text" library="CommonKeywords">
<arg>name=lastName</arg>
<arg>${lastName}</arg>
<kw name="Wait Until Keyword Succeeds" library="BuiltIn">
<arg>5x</arg>
<arg>5s</arg>
<arg>Input Text</arg>
<arg>${locator}</arg>
<arg>${text}</arg>
<doc>Runs the specified keyword and retries if it fails.</doc>
<kw name="Input Text" library="SeleniumLibrary">
<arg>${locator}</arg>
<arg>${text}</arg>
<doc>Types the given ``text`` into the text field identified by ``locator``.</doc>
<msg timestamp="20240310 16:17:07.794" level="INFO">Typing text 'lastName' into text field 'name=lastName'.</msg>
<status status="PASS" starttime="20240310 16:17:07.794" endtime="20240310 16:17:07.833"/>
</kw>
<status status="PASS" starttime="20240310 16:17:07.794" endtime="20240310 16:17:07.833"/>
</kw>
<status status="PASS" starttime="20240310 16:17:07.794" endtime="20240310 16:17:07.833"/>
</kw>
<kw name="Wait until element is ready then input text" library="CommonKeywords">
<arg>name=phoneNumber</arg>
<arg>${phoneNumber}</arg>
<kw name="Wait Until Keyword Succeeds" library="BuiltIn">
<arg>5x</arg>
<arg>5s</arg>
<arg>Input Text</arg>
<arg>${locator}</arg>
<arg>${text}</arg>
<doc>Runs the specified keyword and retries if it fails.</doc>
<kw name="Input Text" library="SeleniumLibrary">
<arg>${locator}</arg>
<arg>${text}</arg>
<doc>Types the given ``text`` into the text field identified by ``locator``.</doc>
<msg timestamp="20240310 16:17:07.833" level="INFO">Typing text '0801234567' into text field 'name=phoneNumber'.</msg>
<status status="PASS" starttime="20240310 16:17:07.833" endtime="20240310 16:17:07.884"/>
</kw>
<status status="PASS" starttime="20240310 16:17:07.833" endtime="20240310 16:17:07.884"/>
</kw>
<status status="PASS" starttime="20240310 16:17:07.833" endtime="20240310 16:17:07.884"/>
</kw>
<kw name="Wait until element is ready then input text" library="CommonKeywords">
<arg>name=newPassword</arg>
<arg>${newPassword}</arg>
<kw name="Wait Until Keyword Succeeds" library="BuiltIn">
<arg>5x</arg>
<arg>5s</arg>
<arg>Input Text</arg>
<arg>${locator}</arg>
<arg>${text}</arg>
<doc>Runs the specified keyword and retries if it fails.</doc>
<kw name="Input Text" library="SeleniumLibrary">
<arg>${locator}</arg>
<arg>${text}</arg>
<doc>Types the given ``text`` into the text field identified by ``locator``.</doc>
<msg timestamp="20240310 16:17:07.885" level="INFO">Typing text 'Password123!' into text field 'name=newPassword'.</msg>
<status status="PASS" starttime="20240310 16:17:07.885" endtime="20240310 16:17:07.967"/>
</kw>
<status status="PASS" starttime="20240310 16:17:07.885" endtime="20240310 16:17:07.967"/>
</kw>
<status status="PASS" starttime="20240310 16:17:07.884" endtime="20240310 16:17:07.967"/>
</kw>
<kw name="Wait until element is ready then input text" library="CommonKeywords">
<arg>name=confirmPassword</arg>
<arg>${confirmPassword}</arg>
<kw name="Wait Until Keyword Succeeds" library="BuiltIn">
<arg>5x</arg>
<arg>5s</arg>
<arg>Input Text</arg>
<arg>${locator}</arg>
<arg>${text}</arg>
<doc>Runs the specified keyword and retries if it fails.</doc>
<kw name="Input Text" library="SeleniumLibrary">
<arg>${locator}</arg>
<arg>${text}</arg>
<doc>Types the given ``text`` into the text field identified by ``locator``.</doc>
<msg timestamp="20240310 16:17:07.967" level="INFO">Typing text 'Password123!' into text field 'name=confirmPassword'.</msg>
<status status="PASS" starttime="20240310 16:17:07.967" endtime="20240310 16:17:08.006"/>
</kw>
<status status="PASS" starttime="20240310 16:17:07.967" endtime="20240310 16:17:08.006"/>
</kw>
<status status="PASS" starttime="20240310 16:17:07.967" endtime="20240310 16:17:08.006"/>
</kw>
<kw name="Wait until element is ready then click element" library="CommonKeywords">
<arg>name=consent</arg>
<kw name="Wait Until Keyword Succeeds" library="BuiltIn">
<arg>5x</arg>
<arg>5s</arg>
<arg>Click element</arg>
<arg>${locator}</arg>
<doc>Runs the specified keyword and retries if it fails.</doc>
<kw name="Click Element" library="SeleniumLibrary">
<arg>${locator}</arg>
<doc>Click the element identified by ``locator``.</doc>
<msg timestamp="20240310 16:17:08.019" level="INFO">Clicking element 'name=consent'.</msg>
<status status="PASS" starttime="20240310 16:17:08.018" endtime="20240310 16:17:08.061"/>
</kw>
<status status="PASS" starttime="20240310 16:17:08.018" endtime="20240310 16:17:08.061"/>
</kw>
<status status="PASS" starttime="20240310 16:17:08.006" endtime="20240310 16:17:08.061"/>
</kw>
<kw name="Wait until element is ready then click element" library="CommonKeywords">
<arg>xpath=//button[@type="submit" and text()="สมัครสมาชิก"]</arg>
<kw name="Wait Until Keyword Succeeds" library="BuiltIn">
<arg>5x</arg>
<arg>5s</arg>
<arg>Click element</arg>
<arg>${locator}</arg>
<doc>Runs the specified keyword and retries if it fails.</doc>
<kw name="Click Element" library="SeleniumLibrary">
<arg>${locator}</arg>
<doc>Click the element identified by ``locator``.</doc>
<msg timestamp="20240310 16:17:08.063" level="INFO">Clicking element 'xpath=//button[@type="submit" and text()="สมัครสมาชิก"]'.</msg>
<status status="PASS" starttime="20240310 16:17:08.063" endtime="20240310 16:17:08.106"/>
</kw>
<status status="PASS" starttime="20240310 16:17:08.062" endtime="20240310 16:17:08.111"/>
</kw>
<status status="PASS" starttime="20240310 16:17:08.061" endtime="20240310 16:17:08.111"/>
</kw>
<status status="PASS" starttime="20240310 16:17:01.536" endtime="20240310 16:17:08.111"/>
</kw>
<kw name="Then Check OTP on Telephone &quot;ระบบได้ส่งรหัส OTP ไปยังเบอร์โทรศัพท์&quot;" library="SuccessOTP" sourcename="Check OTP on Telephone &quot;${expected_message}&quot;">
<kw name="Wait until page contains element then verify text" library="CommonKeywords">
<arg>${expected_message}</arg>
<kw name="Wait Until Keyword Succeeds" library="BuiltIn">
<arg>5x</arg>
<arg>5s</arg>
<arg>Page Should Contain</arg>
<arg>${expected_text}</arg>
<doc>Runs the specified keyword and retries if it fails.</doc>
<kw name="Page Should Contain" library="SeleniumLibrary">
<arg>${expected_text}</arg>
<doc>Verifies that current page contains ``text``.</doc>
<msg timestamp="20240310 16:17:08.392" level="INFO" html="true">&lt;/td&gt;&lt;/tr&gt;&lt;tr&gt;&lt;td colspan="3"&gt;&lt;a href="selenium-screenshot-67.png"&gt;&lt;img src="selenium-screenshot-67.png" width="800px"&gt;&lt;/a&gt;</msg>
<msg timestamp="20240310 16:17:08.392" level="FAIL">Page should have contained text 'ระบบได้ส่งรหัส OTP ไปยังเบอร์โทรศัพท์' but did not.</msg>
<status status="FAIL" starttime="20240310 16:17:08.112" endtime="20240310 16:17:08.392"/>
</kw>
<kw name="Page Should Contain" library="SeleniumLibrary">
<arg>${expected_text}</arg>
<doc>Verifies that current page contains ``text``.</doc>
<msg timestamp="20240310 16:17:13.393" level="INFO">Current page contains text 'ระบบได้ส่งรหัส OTP ไปยังเบอร์โทรศัพท์'.</msg>
<status status="PASS" starttime="20240310 16:17:13.392" endtime="20240310 16:17:13.393"/>
</kw>
<status status="PASS" starttime="20240310 16:17:08.112" endtime="20240310 16:17:13.393"/>
</kw>
<status status="PASS" starttime="20240310 16:17:08.112" endtime="20240310 16:17:13.393"/>
</kw>
<status status="PASS" starttime="20240310 16:17:08.112" endtime="20240310 16:17:13.393"/>
</kw>
<status status="PASS" starttime="20240310 16:17:01.536" endtime="20240310 16:17:13.393"/>
</test>
<kw name="Close Browser" library="SeleniumLibrary" type="TEARDOWN">
<doc>Closes the current browser.</doc>
<status status="PASS" starttime="20240310 16:17:13.393" endtime="20240310 16:17:15.504"/>
</kw>
<status status="PASS" starttime="20240310 16:16:59.681" endtime="20240310 16:17:15.504"/>
</suite>
<status status="PASS" starttime="20240310 16:16:59.678" endtime="20240310 16:17:15.504"/>
</suite>
<status status="PASS" starttime="20240310 16:16:59.655" endtime="20240310 16:17:15.504"/>
</suite>
<statistics>
<total>
<stat pass="1" fail="0" skip="0">All Tests</stat>
</total>
<tag>
</tag>
<suite>
<stat pass="1" fail="0" skip="0" id="s1" name="RegisterFutureSkill">RegisterFutureSkill</stat>
<stat pass="1" fail="0" skip="0" id="s1-s1" name="Testcases">RegisterFutureSkill.Testcases</stat>
<stat pass="1" fail="0" skip="0" id="s1-s1-s1" name="RegisterFutureSkill">RegisterFutureSkill.Testcases.RegisterFutureSkill</stat>
</suite>
</statistics>
<errors>
</errors>
</robot>
